<?xml version="1.0" encoding="UTF-8"?>
<!-- Generated by org.testng.reporters.JUnitReportReporter -->
<testsuite hostname="DESKTOP-MI9U9J4" failures="0" tests="1" name="TestCases.FTC201" time="22.111" errors="0" timestamp="2022-01-07T10:08:34 ICT" skipped="0">
  <testcase classname="TestCases.FTC201" name="FTTC201" time="22.111"/>
  <system-out/>
</testsuite> <!-- TestCases.FTC201 -->
