<?xml version="1.0" encoding="UTF-8"?>
<!-- Generated by org.testng.reporters.JUnitReportReporter -->
<testsuite hostname="DESKTOP-MI9U9J4" failures="0" tests="1" name="TestCases.TestCase7" time="13.396" errors="0" timestamp="2022-01-07T08:08:17 ICT" skipped="0">
  <testcase classname="TestCases.TestCase7" name="TC07" time="13.396"/>
  <system-out/>
</testsuite> <!-- TestCases.TestCase7 -->
