<?xml version="1.0" encoding="UTF-8"?>
<!-- Generated by org.testng.reporters.JUnitReportReporter -->
<testsuite hostname="DESKTOP-MI9U9J4" failures="0" tests="1" name="TestCases.TestCase9" time="18.508" errors="0" timestamp="2022-01-06T22:00:32 ICT" skipped="0">
  <testcase classname="TestCases.TestCase9" name="TC09" time="18.508"/>
  <system-out/>
</testsuite> <!-- TestCases.TestCase9 -->
